=== NEW SESSION STARTED: 2025-07-12 06:20:44.040 - Serial Port COM17 ===[ 26224][W][SimplifiedSerialEngine.h:334] processIncomingData(): [SerialEngine] JSON: {"messageType":"StatusMessage","deviceId":"THINKINATOR","timestamp":1752290444145,"activeSessionCount":3,"[ 26224][W][SimplifiedSerialEngine.h:334] processIncomingData(): [SerialEngine] JSON: {"messageType":"StatusMessage","deviceId":"THINKINATOR","timestamp":1752290444145,"activeSessionCount":3,"sessions":[{"processId":18584,"processName":"Legcord","displayName":"","volume":1,"isMuted":false,"state":"AudioSessionStateInactive"},{"processId":32676,"processName":"YouTube Music","displayName":"","volume":0.85,"isMuted":false,"state":"AudioSessionStateInactive"},{"processId":16240,"processName":"chrome","displayName":"","volume":1,"isMuted":falssessions":[{"processId":18584,"processName":"Legcord","displayName":"","volume":1,"isMuted":false,"state":"AudioSessionStateInactive"},{"processId":32676,"processName":"YouTube Music","displayName":"","volume":0.85,"isMuted":false,"state":"AudioSessionStateInactive"},{"processId":16240,"processName":"chrome","displayName":"","volume":1,"isMuted":false,"state":"AudioSessionStateActive"}],"defaultDevice":{"friendlyName":"Headphones (WH-1000XM5)","volume":0.59842545,"isMuted":false,"dataFlow":"Render","deviceRe,"state":"AudioSessionStateActive"}],"defaultDevice":{"friendlyName":"Headphones (WH-1000XM5)","volume":0.59842545,"isMuted":false,"dataFlow":"Render","deviceRole":"Console"},"reason":"ServiceStartup","originatingRequestId":null,"originatingDeviceId":null}
[ 26285][W][SimplifiedSerialEngine.h:345] processIncomingData(): [SerialEngine] Parsed messagole":"Console"},"reason":"ServiceStartup","originatingRequestId":null,"originatingDeviceId":null}
[ 26285][W][SimplifiedSerialEngine.h:345] processIncomingData(): [SerialEngine] Parsed message Message[StatusMessage]
  DeviceId: THINKINATOR
  RequestId: 
  Timestamp: 26284
  Invalid/Unknown message type

e Message[StatusMessage]
  DeviceId: THINKINATOR
  RequestId: 
  Timestamp: 26284
  Invalid/Unknown message type

[ 30236][W][TaskManager.cpp:581] lvglTask(): [TaskManager] [LVGL_TASK] LVGL processing took 26ms (>25ms)
[ 30236][W][TaskManager.cpp:581] lvglTask(): [TaskManager] [LVGL_TASK] LVGL processing took 26ms (>25ms)
[ 56185][W][SimplifiedSerialEngine.h:334] processIncomingData(): [SerialEngine] JSON: {"messageType":"StatusMessage","deviceId":"THINKINATOR","timestamp":175229[ 56185][W][SimplifiedSerialEngine.h:334] processIncomingData(): [SerialEngine] JSON: {"messageType":"StatusMessage","deviceId":"THINKINATOR","timestamp":1752290474154,"activeSessionCount":3,"sessions":[{"processId":18584,"processName":"Legcord","displayName":"","volume":1,"isMuted":false,"state":"AudioSessionStateInactive"},{"processId":32676,"proce0474154,"activeSessionCount":3,"sessions":[{"processId":18584,"processName":"Legcord","displayName":"","volume":1,"isMuted":false,"state":"AudioSessionStateInactive"},{"processId":32676,"processName":"YouTube Music","displayName":"","volume":0.85,"isMuted":false,"state":"AudioSessionStateInactive"},{"processId":16240,"processName":"chrome","displayNassName":"YouTube Music","displayName":"","volume":0.85,"isMuted":false,"state":"AudioSessionStateInactive"},{"processId":16240,"processName":"chrome","displayName":"","volume":1,"isMuted":false,"state":"AudioSessionStateActive"}],"defaultDevice":{"friendlyName":"Headphones (WH-1000XM5)","volume":0.59842545,"isMuted":false,"dataFlow":"Render","deviceRme":"","volume":1,"isMuted":false,"state":"AudioSessionStateActive"}],"defaultDevice":{"friendlyName":"Headphones (WH-1000XM5)","volume":0.59842545,"isMuted":false,"dataFlow":"Render","deviceRole":"Console"},"reason":"SessionChange","originatingRequestId":null,"originatingDeviceId":null}
[ 56245][W][SimplifiedSerialEngine.h:345] processIncomingData(): [SerialEngine] Parsed messageole":"Console"},"reason":"SessionChange","originatingRequestId":null,"originatingDeviceId":null}
[ 56245][W][SimplifiedSerialEngine.h:345] processIncomingData(): [SerialEngine] Parsed message Message[StatusMessage]
  DeviceId: THINKINATOR
  RequestId: 
  Timestamp: 56244
  Invalid/Unknown message type

 Message[StatusMessage]
  DeviceId: THINKINATOR
  RequestId: 
  Timestamp: 56244
  Invalid/Unknown message type

[ 86204][W][SimplifiedSerialEngi[ 86204][W][SimplifiedSerialEngine.h:334] processIncomingData(): [SerialEngine] JSON: {"messageType":"StatusMessage","deviceId":"THINKINATOR","timestamp":1752290504169,"activeSessionCount":3,"sessions":[{"processId":18584,"pne.h:334] processIncomingData(): [SerialEngine] JSON: {"messageType":"StatusMessage","deviceId":"THINKINATOR","timestamp":1752290504169,"activeSessionCount":3,"sessions":[{"processId":18584,"processName":"Legcord","displayName":"","volume":1,"isMuted":false,"state":"AudioSessionStateInactive"},{"processId":32676,"processName":"YouTube Music","displayrocessName":"Legcord","displayName":"","volume":1,"isMuted":false,"state":"AudioSessionStateInactive"},{"processId":32676,"processName":"YouTube Music","displayName":"","volume":0.85,"isMuted":false,"state":"AudioSessionStateInactive"},{"processId":16240,"processName":"chrome","displayName":"","volume":1,"isMuted":false,"state":"AudioSessionStateActiName":"","volume":0.85,"isMuted":false,"state":"AudioSessionStateInactive"},{"processId":16240,"processName":"chrome","displayName":"","volume":1,"isMuted":false,"state":"AudioSessionStateActive"}],"defaultDevice":{"friendlyName":"Headphones (WH-1000XM5)","volume":0.59842545,"isMuted":false,"dataFlow":"Render","deviceRole":"Console"},"reason":"Periodve"}],"defaultDevice":{"friendlyName":"Headphones (WH-1000XM5)","volume":0.59842545,"isMuted":false,"dataFlow":"Render","deviceRole":"Console"},"reason":"PeriodicUpdate","originatingRequestId":null,"originatingDeviceId":null}
[ 86265][W][SimplifiedSerialEngine.h:345] processIncomingData(): [SerialEngine] Parsed message Message[StatusMessage]
  DeviicUpdate","originatingRequestId":null,"originatingDeviceId":null}
[ 86265][W][SimplifiedSerialEngine.h:345] processIncomingData(): [SerialEngine] Parsed message Message[StatusMessage]
  DeviceId: THINKINATOR
  RequestId: 
  Timestamp: 86264
  Invalid/Unknown message type

ceId: THINKINATOR
  RequestId: 
  Timestamp: 86264
  Invalid/Unknown message type

[146185][W][SimplifiedSerialEngine.h:334] processIncomingData():[146185][W][SimplifiedSerialEngine.h:334] processIncomingData(): [SerialEngine] JSON: {"messageType":"StatusMessage","deviceId":"THINKINATOR","timestamp":1752290564150,"activeSessionCount":3,"sessions":[{"processId":18584,"p [SerialEngine] JSON: {"messageType":"StatusMessage","deviceId":"THINKINATOR","timestamp":1752290564150,"activeSessionCount":3,"sessions":[{"processId":18584,"processName":"Legcord","displayName":"","volume":1,"isMuted":false,"state":"AudioSessionStateInactive"},{"processId":32676,"processName":"YouTube Music","displayName":"","volume":0.85,"isMuted"rocessName":"Legcord","displayName":"","volume":1,"isMuted":false,"state":"AudioSessionStateInactive"},{"processId":32676,"processName":"YouTube Music","displayName":"","volume":0.85,"isMuted":false,"state":"AudioSessionStateInactive"},{"processId":16240,"processName":"chrome","displayName":"","volume":1,"isMuted":false,"state":"AudioSessionStateActive"}],"defaultDevice":{"friendly:false,"state":"AudioSessionStateInactive"},{"processId":16240,"processName":"chrome","displayName":"","volume":1,"isMuted":false,"state":"AudioSessionStateActive"}],"defaultDevice":{"friendlyName":"Headphones (WH-1000XM5)","volume":0.59842545,"isMuted":false,"dataFlow":"Render","deviceRole":"Console"},"reason":"PeriodicUpdate","originatingRequestId"Name":"Headphones (WH-1000XM5)","volume":0.59842545,"isMuted":false,"dataFlow":"Render","deviceRole":"Console"},"reason":"PeriodicUpdate","originatingRequestId":null,"originatingDeviceId":null}
[146245][W][SimplifiedSerialEngine.h:345] processIncomingData(): [SerialEngine] Parsed message Message[StatusMessage]
  Devi:null,"originatingDeviceId":null}
[146245][W][SimplifiedSerialEngine.h:345] processIncomingData(): [SerialEngine] Parsed message Message[StatusMessage]
  DeviceId: THINKINATOR
  RequestId: 
  Timestamp: 146245
  Invalid/Unknown message type

ceId: THINKINATOR
  RequestId: 
  Timestamp: 146245
  Invalid/Unknown message type

