2025-07-18 14:20:11.866 +03:00 [INF] Found ESP32-S3 toolchain at: C:\Espressif\tools\riscv32-esp-elf\esp-14.2.0_20241119
2025-07-18 14:20:11.915 +03:00 [INF] UniMixer Service starting...
2025-07-18 14:20:11.916 +03:00 [INF] Starting communication handler: Serial
2025-07-18 14:20:12.013 +03:00 [INF] Starting Serial handler on port COM17...
2025-07-18 14:20:12.020 +03:00 [INF] Serial handler started successfully on COM17
2025-07-18 14:20:12.032 +03:00 [INF] Started timers - Status: 60000ms, Audio Refresh: 30000ms
2025-07-18 14:20:12.035 +03:00 [INF] UniMixer Service started successfully
2025-07-18 14:20:12.035 +03:00 [INF] Sending initial status broadcast...
2025-07-18 14:20:12.040 +03:00 [INF] Application started. Press Ctrl+C to shut down.
2025-07-18 14:20:12.041 +03:00 [INF] Hosting environment: Production
2025-07-18 14:20:12.042 +03:00 [INF] Content root path: E:\SharedCo\UniMixerServer
2025-07-18 14:20:12.107 +03:00 [INF] Broadcasting status for 3 sessions (Reason: ServiceStartup):
2025-07-18 14:20:12.108 +03:00 [INF]   Session: Legcord (PID: 24264) - Volume: 100.0 %, Muted: false, State: 1
2025-07-18 14:20:12.109 +03:00 [INF]   Session: chrome (PID: 12612) - Volume: 92.0 %, Muted: false, State: 0
2025-07-18 14:20:12.111 +03:00 [INF]   Session: YouTube Music (PID: 67032) - Volume: 100.0 %, Muted: false, State: 0
2025-07-18 14:20:42.024 +03:00 [INF] Protocol statistics: Messages: Sent=1, Received=0, Bytes: TX=729, RX=0, Errors: Framing=0, CRC=0, Timeout=0, Overflow=0, Escape=0, Success Rate=0.00%, Performance: 0.03 msg/s, 24.16 B/s, Uptime: 00:00:30
2025-07-18 14:20:42.115 +03:00 [INF] Broadcasting status for 3 sessions (Reason: SessionChange):
2025-07-18 14:20:42.116 +03:00 [INF]   Session: Legcord (PID: 24264) - Volume: 100.0 %, Muted: false, State: 1
2025-07-18 14:20:42.117 +03:00 [INF]   Session: chrome (PID: 12612) - Volume: 92.0 %, Muted: false, State: 1
2025-07-18 14:20:42.118 +03:00 [INF]   Session: YouTube Music (PID: 67032) - Volume: 100.0 %, Muted: false, State: 0
2025-07-18 14:21:12.026 +03:00 [INF] Protocol statistics: Messages: Sent=2, Received=0, Bytes: TX=1455, RX=0, Errors: Framing=0, CRC=0, Timeout=0, Overflow=0, Escape=0, Success Rate=0.00%, Performance: 0.03 msg/s, 24.18 B/s, Uptime: 00:01:00
2025-07-18 14:21:12.171 +03:00 [INF] Broadcasting status for 3 sessions (Reason: PeriodicUpdate):
2025-07-18 14:21:12.172 +03:00 [INF]   Session: Legcord (PID: 24264) - Volume: 100.0 %, Muted: false, State: 1
2025-07-18 14:21:12.173 +03:00 [INF]   Session: chrome (PID: 12612) - Volume: 92.0 %, Muted: false, State: 0
2025-07-18 14:21:12.175 +03:00 [INF]   Session: YouTube Music (PID: 67032) - Volume: 100.0 %, Muted: false, State: 0
2025-07-18 14:21:12.211 +03:00 [INF] Broadcasting status for 3 sessions (Reason: SessionChange):
2025-07-18 14:21:12.212 +03:00 [INF]   Session: Legcord (PID: 24264) - Volume: 100.0 %, Muted: false, State: 1
2025-07-18 14:21:12.214 +03:00 [INF]   Session: chrome (PID: 12612) - Volume: 92.0 %, Muted: false, State: 0
2025-07-18 14:21:12.215 +03:00 [INF]   Session: YouTube Music (PID: 67032) - Volume: 100.0 %, Muted: false, State: 0
2025-07-18 14:21:42.028 +03:00 [INF] Protocol statistics: Messages: Sent=4, Received=0, Bytes: TX=2912, RX=0, Errors: Framing=0, CRC=0, Timeout=0, Overflow=0, Escape=0, Success Rate=0.00%, Performance: 0.04 msg/s, 32.29 B/s, Uptime: 00:01:30
2025-07-18 14:22:12.028 +03:00 [INF] Protocol statistics: Messages: Sent=4, Received=0, Bytes: TX=2912, RX=0, Errors: Framing=0, CRC=0, Timeout=0, Overflow=0, Escape=0, Success Rate=0.00%, Performance: 0.03 msg/s, 24.23 B/s, Uptime: 00:02:00
2025-07-18 14:22:12.072 +03:00 [INF] Broadcasting status for 3 sessions (Reason: PeriodicUpdate):
2025-07-18 14:22:12.073 +03:00 [INF]   Session: Legcord (PID: 24264) - Volume: 100.0 %, Muted: false, State: 1
2025-07-18 14:22:12.074 +03:00 [INF]   Session: chrome (PID: 12612) - Volume: 92.0 %, Muted: false, State: 0
2025-07-18 14:22:12.075 +03:00 [INF]   Session: YouTube Music (PID: 67032) - Volume: 100.0 %, Muted: false, State: 0
